\BOOKMARK [1][-]{section.1}{How to submit to the Journal of Fluid Mechanics}{}% 1
\BOOKMARK [1][-]{section.2}{Rules of submission}{}% 2
\BOOKMARK [1][-]{section.3}{Authors responsibilites}{}% 3
\BOOKMARK [2][-]{subsection.3.1}{Transparency and Openness Promotion \(TOP\)}{section.3}% 4
\BOOKMARK [1][-]{section.4}{Types of paper}{}% 5
\BOOKMARK [2][-]{subsection.4.1}{Standard papers}{section.4}% 6
\BOOKMARK [2][-]{subsection.4.2}{JFM Rapids}{section.4}% 7
\BOOKMARK [2][-]{subsection.4.3}{JFM Perspectives}{section.4}% 8
\BOOKMARK [1][-]{section.5}{File types}{}% 9
\BOOKMARK [1][-]{section.6}{Preparing your manuscript}{}% 10
\BOOKMARK [2][-]{subsection.6.1}{Figures}{section.6}% 11
\BOOKMARK [2][-]{subsection.6.2}{Tables}{section.6}% 12
\BOOKMARK [2][-]{subsection.6.3}{Online supplementary material}{section.6}% 13
\BOOKMARK [1][-]{section.7}{Editorial decisions}{}% 14
\BOOKMARK [2][-]{subsection.7.1}{Revision}{section.7}% 15
\BOOKMARK [2][-]{subsection.7.2}{Provisional acceptance}{section.7}% 16
\BOOKMARK [2][-]{subsection.7.3}{Acceptance}{section.7}% 17
\BOOKMARK [1][-]{section.8}{Publication process}{}% 18
\BOOKMARK [1][-]{section.9}{Corrigenda}{}% 19
\BOOKMARK [1][-]{section.10}{Obtaining help}{}% 20
\BOOKMARK [1][-]{section.11}{Cambridge Author Services - in partnership with American Journal Experts}{}% 21
\BOOKMARK [1][-]{section.12}{Notation and style}{}% 22
\BOOKMARK [2][-]{subsection.12.1}{Mathematical notation}{section.12}% 23
\BOOKMARK [1][-]{section.13}{Citations and references}{}% 24
\BOOKMARK [1][-]{section.14}{Appeals process}{}% 25
\BOOKMARK [2][-]{subsection.14.1}{How do I appeal?}{section.14}% 26
\BOOKMARK [1][-]{appendix.A}{Appendix A}{}% 27
